{
  "RSpec": {
    "coverage": {
      "/Volumes/Transcend/MAKERS/week_10/bank_tech_test/spec/account_spec.rb": [
        null,
        null,
        1,
        1,
        1,
        null,
        1,
        1,
        1,
        1,
        null,
        null,
        1,
        1,
        1,
        1,
        1,
        1,
        null,
        null,
        1,
        1,
        1,
        1,
        1,
        null,
        null,
        1,
        1,
        1,
        1,
        1,
        1,
        null,
        null,
        null,
        null,
        null,
        null,
        null,
        1,
        1,
        1,
        1,
        1,
        1,
        null,
        1,
        null,
        null
      ],
      "/Volumes/Transcend/MAKERS/week_10/bank_tech_test/lib/account.rb": [
        null,
        null,
        1,
        1,
        1,
        null,
        1,
        5,
        5,
        null,
        null,
        1,
        5,
        5,
        5,
        null,
        null,
        1,
        2,
        2,
        2,
        null,
        null,
        1,
        1,
        null,
        null,
        1,
        1,
        null,
        null
      ],
      "/Volumes/Transcend/MAKERS/week_10/bank_tech_test/lib/accounthistory.rb": [
        null,
        null,
        1,
        1,
        1,
        1,
        1,
        5,
        null,
        null,
        1,
        7,
        7,
        7,
        null,
        null,
        null,
        null,
        null,
        null,
        null,
        null,
        null,
        1,
        1,
        null,
        null,
        1,
        1,
        null,
        null,
        1,
        null,
        1,
        1,
        null,
        null,
        1,
        1,
        1,
        3,
        null,
        1,
        null,
        null,
        1,
        3,
        null,
        null,
        1,
        3,
        null,
        null,
        1,
        3,
        null,
        null
      ]
    },
    "timestamp": 1569503563
  }
}
